<?xml version="1.0" encoding="UTF-8"?>
<!-- Generated by org.testng.reporters.JUnitXMLReporter -->
<testsuite ignored="2" hostname="Dhruv" failures="0" tests="3" name="Default test" time="3.934" errors="0" timestamp="2023-12-24T04:04:18 IST">
  <testcase classname="pack1.TestCases.Travelers_Test" name="getTravelsInfo" time="2.158"/>
  <testcase classname="pack1.TestCases.Travelers_Test" name="create_traveler" time="0.991"/>
  <testcase classname="pack1.TestCases.Travelers_Test" name="get_tourist_created" time="0.484"/>
  <testcase classname="pack1.TestCases.Travelers_Test" name="create_new_created" time="0.0">
    <ignored/>
  </testcase> <!-- create_new_created -->
  <testcase classname="pack1.TestCases.Travelers_Test" name="deleteTravelsInfo" time="0.0">
    <ignored/>
  </testcase> <!-- deleteTravelsInfo -->
</testsuite> <!-- Default test -->
