<?xml version="1.0" encoding="UTF-8"?>
<testng-results ignored="2" total="5" passed="3" failed="0" skipped="0">
  <reporter-output>
  </reporter-output>
  <suite started-at="2023-12-24T04:04:14 IST" name="Default suite" finished-at="2023-12-24T04:04:18 IST" duration-ms="3934">
    <groups>
    </groups>
    <test started-at="2023-12-24T04:04:14 IST" name="Default test" finished-at="2023-12-24T04:04:18 IST" duration-ms="3934">
      <class name="pack1.TestCases.Travelers_Test">
        <test-method is-config="true" signature="setUpData()[pri:0, instance:pack1.TestCases.Travelers_Test@79924b]" started-at="2023-12-24T04:04:14 IST" name="setUpData" finished-at="2023-12-24T04:04:15 IST" duration-ms="252" status="PASS">
          <reporter-output>
          </reporter-output>
        </test-method> <!-- setUpData -->
        <test-method signature="getTravelsInfo()[pri:1, instance:pack1.TestCases.Travelers_Test@79924b]" started-at="2023-12-24T04:04:15 IST" name="getTravelsInfo" finished-at="2023-12-24T04:04:17 IST" duration-ms="2158" status="PASS">
          <reporter-output>
          </reporter-output>
        </test-method> <!-- getTravelsInfo -->
        <test-method signature="create_traveler()[pri:2, instance:pack1.TestCases.Travelers_Test@79924b]" started-at="2023-12-24T04:04:17 IST" name="create_traveler" finished-at="2023-12-24T04:04:18 IST" duration-ms="991" status="PASS">
          <reporter-output>
          </reporter-output>
        </test-method> <!-- create_traveler -->
        <test-method signature="get_tourist_created()[pri:3, instance:pack1.TestCases.Travelers_Test@79924b]" started-at="2023-12-24T04:04:18 IST" name="get_tourist_created" finished-at="2023-12-24T04:04:18 IST" duration-ms="484" status="PASS">
          <reporter-output>
          </reporter-output>
        </test-method> <!-- get_tourist_created -->
      </class> <!-- pack1.TestCases.Travelers_Test -->
    </test> <!-- Default test -->
  </suite> <!-- Default suite -->
</testng-results>
